\BOOKMARK [1][-]{section.1}{1 Technischer Teil}{}% 1
\BOOKMARK [2][-]{subsection.1.1}{1.1 Grundkonzept}{section.1}% 2
\BOOKMARK [3][-]{subsubsection.1.1.1}{1.1.1 Micro Controller Unit \(MCU\)}{subsection.1.1}% 3
\BOOKMARK [3][-]{subsubsection.1.1.2}{1.1.2 Sensoren}{subsection.1.1}% 4
\BOOKMARK [3][-]{subsubsection.1.1.3}{1.1.3 Kommunikationsmodul}{subsection.1.1}% 5
\BOOKMARK [3][-]{subsubsection.1.1.4}{1.1.4 Datenspeicherung}{subsection.1.1}% 6
\BOOKMARK [3][-]{subsubsection.1.1.5}{1.1.5 RTC}{subsection.1.1}% 7
\BOOKMARK [3][-]{subsubsection.1.1.6}{1.1.6 Energieversorgung}{subsection.1.1}% 8
\BOOKMARK [2][-]{subsection.1.2}{1.2 Verifikationskonzept}{section.1}% 9
\BOOKMARK [1][-]{section.2}{2 Organisatorischer Teil}{}% 10
\BOOKMARK [2][-]{subsection.2.1}{2.1 Ziele}{section.2}% 11
\BOOKMARK [2][-]{subsection.2.2}{2.2 Kommunikation}{section.2}% 12
\BOOKMARK [2][-]{subsection.2.3}{2.3 Risikoanalyse}{section.2}% 13
\BOOKMARK [2][-]{subsection.2.4}{2.4 Budget}{section.2}% 14
\BOOKMARK [2][-]{subsection.2.5}{2.5 Zeitplan Projektverlauf}{section.2}% 15
\BOOKMARK [2][-]{subsection.2.6}{2.6 Einverst\344ndniserkl\344rung}{section.2}% 16
\BOOKMARK [1][-]{appendix.A}{A Lastenheft}{}% 17
\BOOKMARK [1][-]{appendix.B}{B Aufgabenstellung}{}% 18
\BOOKMARK [1][-]{appendix.C}{C Dokumentenmatrix}{}% 19
\BOOKMARK [1][-]{appendix.D}{D Todo-Notes}{}% 20
